<?xml version="1.0" encoding="UTF-8"?>
<!-- Generated by org.testng.reporters.JUnitXMLReporter -->
<testsuite hostname="Q2-Fendyr-m" ignored="0" name="Test QA" tests="2" failures="1" timestamp="19 Des 2017 10:23:36 GMT" time="13.152" errors="0">
  <testcase name="main" time="1.379" classname="com.cronos.testNG.TestNG"/>
  <testcase name="main" time="0.0" classname="ReadExcelData.ReadExcel1">
    <failure type="org.testng.TestNGException" message="
Cannot inject @Test annotated Method [main] with [class [Ljava.lang.String;].
For more information on native dependency injection please refer to http://testng.org/doc/documentation-main.html#native-dependency-injection">
      <![CDATA[org.testng.TestNGException: 
Cannot inject @Test annotated Method [main] with [class [Ljava.lang.String;].
For more information on native dependency injection please refer to http://testng.org/doc/documentation-main.html#native-dependency-injection
... Removed 24 stack frames]]>
    </failure>
  </testcase> <!-- main -->
</testsuite> <!-- Test QA -->
